INSERT INTO dntown_wx_idiom_list VALUES ('3767', '词穷理绝', '词', 'ci', '绝', 'jue', 'cí  qióng  lǐ  jué', '指再也找不到理由，无话可说。同“词穷理尽”。', '《五灯会元·罗汉琛禅师法嗣·清凉文益禅师》：“师窘无以对，即放包依席下求决择。近一月馀，日呈见解，说道理。藏语之曰：‘佛法不恁么。’师曰：‘某甲词穷理绝也。\'”', '');
INSERT INTO dntown_wx_idiom_list VALUES ('7618', '公私兼顾', '公', 'gong', '顾', 'gu', 'gōng  sī  jiān  gù', '公家和个人双方的利益都得到照顾。', '毛泽东《抗日时期的经济问题和财政问题》：“在公私关系上，就是\'公私兼顾\'，或叫\'军民兼顾\'。”', '');
INSERT INTO dntown_wx_idiom_list VALUES ('9831', '鸡零狗碎', '鸡', 'ji', '碎', 'sui', 'jī  líng  gǒu  suì', '形容事物零碎细小，不成系统。', '茅盾《雨天杂写》：“则此一特点不能不有一佳名，故拟题曰：\'鸡零狗碎\'云尔。”', '那～的事，恕不细说，但值得大书特书的奇迹，放过未免可惜。 ★高晓声《李顺大造屋》');
INSERT INTO dntown_wx_idiom_list VALUES ('9973', '吉星高照', '吉', 'ji', '照', 'zhao', 'jí  xīng  gāo  zhào', '吉星：指福、禄、寿三星。吉祥之星高高照临。', '陈残云《热带惊涛录》：“那是他在香港当学徒时刺上的，带有\'吉星高照\'之意。”', '此后，～，他在政治上将有飞黄腾达的日子。 ★徐迟《牡丹》');
INSERT INTO dntown_wx_idiom_list VALUES ('11050', '解铃系铃', '解', 'jie', '铃', 'ling', 'jiě  líng  jì  líng', '比喻谁惹出来的麻烦，还得由谁去解决。', '明·瞿汝稷《指月录》卷二十三：“金陵清凉泰钦禅师，性豪逸，众易之，法眼独契重。一日眼问众：‘虎项金铃，是谁解得？’众无对，师适至，眼举前语问，对曰：‘系者解得。\'”', '我不妨和他见了面，窥察他的神气语意，如果事由他起，则系铃解铃，原须一人。 ★清·颐琐《黄绣球》第五回');
INSERT INTO dntown_wx_idiom_list VALUES ('11161', '借酒浇愁', '借', 'jie', '愁', 'chou', 'jiè  jiǔ  jiāo  chóu', '用喝酒来浇灭郁积在心中的气愤或愁闷。', '明·李开先《后冈陈提学传》：“只恁以酒浇愁，愁不能遣，而且日增。”', '龟井的文章，立意的大部分是在给他们国内的人看的，当然不免有\'～\'的气味。 ★鲁迅《书信集·致胡风》');
INSERT INTO dntown_wx_idiom_list VALUES ('11998', '看菜吃饭', '看', 'kan', '饭', 'fan', 'kàn  cài  chī  fàn', '比喻根据具体情况办事。', '毛泽东《反对党八股》：“\'看菜吃饭，量体裁衣。\'我们无论做什么事都要看情形办理，文章和演说也是这样。”', '俗话说：“～，量体裁衣。”');
INSERT INTO dntown_wx_idiom_list VALUES ('13314', '聊胜一筹', '聊', 'liao', '筹', 'chou', 'liáo  shèng  yī  chóu', '略微高出一点。', '洪深《戏剧导演的初步知识》：“较之第四节所言\'污蔑原作的演出\'，自觉聊胜一筹。”', '');
INSERT INTO dntown_wx_idiom_list VALUES ('13901', '马首欲东', '马', 'ma', '东', 'dong', 'mǎ  shǒu  yù  dōng', '指东归；返回。', '语出《左传·襄公十四年》：“栾黡曰：\'晋国之命，未是有也。余马首欲东。\'乃归。”杨伯峻注：“秦兵在西，东则归矣。”', '今～，无可相赆，手制粗鞋一双，绫袜一緉，聊表微意。 ★《西湖二集·洒雪堂巧结良缘》');
INSERT INTO dntown_wx_idiom_list VALUES ('15821', '破门而出', '破', 'po', '出', 'chu', 'pò  mén  ér  chū', '把门砸破冲出来。形容坏人迫不及待地跳出来做坏事。也比喻摆脱束缚或限制。', '廖沫沙《史和戏》：“而你却开始\'破门而出\'了，历史家，却来写戏。”', '');
INSERT INTO dntown_wx_idiom_list VALUES ('18294', '三位一体', '三', 'san', '体', 'ti', 'sān  wèi  yī  tǐ', '比喻三个人、三件事或三个方面联成的一个整体。', '毛泽东《为争取千百万群众进入抗日民族统一战线而斗争》：“为什么提出\'巩固和平\'、\'争取民主\'、\'实现抗战\'这样三位一体的口号？  张', '我俩没儿没女，洁琼常来，可以说是～，宛如一家 ★扬《第二次握手》');
INSERT INTO dntown_wx_idiom_list VALUES ('18393', '傻头傻脑', '傻', 'sha', '脑', 'nao', 'shǎ  tóu  shǎ  nǎo', '形容思想糊涂，愚笨痴呆。', '清·曹雪芹《红楼梦》第九十九回：“只是我愁宝玉还是那么傻头傻脑的，这么说起来，比头里竟明白多了。\'', '');
INSERT INTO dntown_wx_idiom_list VALUES ('19072', '失张失智', '失', 'shi', '智', 'zhi', 'shī  zhāng  shī  zhì', '举止失措、失神落魄的样子。', '明·冯梦龙《古今小说·陈御史巧勘金钗钿》：“常言\'人贫智短\'，他恁地贫困，如何怪得他失张失智？”', '那时我这个人六神无主，～的。没有从前唧溜，也没有从前勤快了。 ★朱自清《笑的历史》');
INSERT INTO dntown_wx_idiom_list VALUES ('19363', '始终不懈', '始', 'shi', '懈', 'xie', 'shǐ  zhōng  bù  xiè', '自始自终一直不松懈。', '《青年作家应有的修养》：“同时，我们必须尖锐地指出：\'骄傲自满就是勤学苦练、始终不懈的死敌。\'”', '');
INSERT INTO dntown_wx_idiom_list VALUES ('20950', '停留长智', '停', 'ting', '智', 'zhi', 'tíng  liú  zhǎng  zhì', '指事情耽搁久了，就会想出主意来。', '明·吴承恩《西游记》第91回：“常言道\'停留长智\'。那妖精倘或今晚不睡，把师父害了，却如之何？”', '');
INSERT INTO dntown_wx_idiom_list VALUES ('21629', '万应灵药', '万', 'wan', '药', 'yao', 'wàn  yìng  líng  yào', '能治各种病的灵药。比喻能解决任何问题的好办法。', '鲁迅《花边文学·看书琐记（二）》：“不过我们中国人是聪明的，有些人早已发明了一种万应灵药，就是‘今天天气……哈哈哈！\'”', '');
INSERT INTO dntown_wx_idiom_list VALUES ('21804', '威望素着', '威', 'wei', '着', 'zhu', 'wēi  wàng  sù  zhù', '威望：威信，声望；素：一向；着：明显。一向很有威望。', '《宋史·宗泽传》：“泽威望素着，既至，首捕诛舍贼者数人。下令曰：\'为盗者赃无轻重，并从军法。\'由是盗贼屏息，民赖以安。”', '');
INSERT INTO dntown_wx_idiom_list VALUES ('22535', '五劳七伤', '五', 'wu', '伤', 'shang', 'wǔ  láo  qī  shāng', '泛指各种疾病和致病因素。', '元·刘唐卿《降桑椹》第二折：“糊突虫云：\'我会医五劳七伤。\'”', '大同之世，生人最乐，内无～之感，外极饮食、宫室、什器、服用、道路之精。 ★清·康有为《大同书》甲部第三章');
INSERT INTO dntown_wx_idiom_list VALUES ('23735', '凶相毕露', '凶', 'xiong', '露', 'lu', 'xiōng  xiàng  bì  lù', '毕：完全。凶恶的面目完全暴露了出来。', '柯岩《追赶太阳的人》：“吴丙治向他征收税款时，他～地威胁：\'谁有钱给你，小心你的脑袋吧！\'”', '');
INSERT INTO dntown_wx_idiom_list VALUES ('24220', '言必有据', '言', 'yan', '据', 'ju', 'yán  bì  yǒu  jù', '言：说话；据：依据。说话一定要有根据。', '鲁迅《<故事新编>序言》：“对于历史小说，则以为博考文献，言必有据者，纵使有人讥为\'教授小说\'，其实是很难组织之作。”', '');
INSERT INTO dntown_wx_idiom_list VALUES ('24804', '一不扭众', '一', 'yi', '众', 'zhong', 'yī  bù  niǔ  zhòng', '一个人难违反众人的意见。', '清·文康《儿女英雄传》第23回：“细想了想，这事不但无法，而且有理；料是\'一不扭众\'，只得点头依允。”', '');
INSERT INTO dntown_wx_idiom_list VALUES ('25210', '一文不名', '一', 'yi', '名', 'ming', 'yī  wén  bù  míng', '名：占有。一个钱都没有。形容非常贫困。', '西汉·司马迁《史记·佞幸列传》：“竟不得名一钱，寄死人家。”', '如果他有钱给那些人行点贿送包\'烟钱\'，也就过去了；可是他身上～。 ★杨沫《青春之歌》第二部第21章');
INSERT INTO dntown_wx_idiom_list VALUES ('25706', '以日继夜', '以', 'yi', '夜', 'ye', 'yǐ  rì  jì  yè', '白天接着夜晚，日夜不停。', '《陈书·郑灼传》：“灼家贫，抄义疏以日继夜，笔毫尽，每削用之。”', '兰芝姐姐：天已黄昏，所谓‘臣卜其昼，未卜其夜’请赐饭罢。妹子就用\'黄昏\'三字交卷，以记是日欢聚几至～之意。 ★清·李汝珍《镜花缘》第九十二回');
INSERT INTO dntown_wx_idiom_list VALUES ('28484', '重厚少文', '重', 'zhong', '文', 'wen', 'zhòng  hòu  shǎo  wén', '持重敦厚而少于文饰。', '《史记·高祖本纪》：“已而吕后问：‘阶下百岁后，萧相国即死，令谁代之?\'上曰：‘曹参可。’问其次，上曰：‘……陈平智有余，然难以独任。周勃重厚少文，然安刘氏者必勃也，可令为太尉。’”', '');
INSERT INTO dntown_wx_idiom_list VALUES ('28898', '捉贼见赃', '捉', 'zhuo', '赃', 'zang', 'zhuō  zéi  jiàn  zāng', '脏：偷盗或贪污受贿所得的财物。捉盗贼必须看到赃物。指必须要有真凭实据。', '元·李文尉《燕青博鱼》第三折：“常言道：‘捉贼见脏，捉奸见双。’燕大，你既要拿奸，如今还我奸夫来便罢。”', '自古道：\'捉奸见双，捉贼见赃，杀人见伤。\' ★明·施耐庵《水浒传》第二十六回');
